Generated at 2015-10-12 15:21:39 -0700
RuntimeError: machine_batch[dev] (@recipe_files::/Users/jasghar/repo/demo-chef-provisioning-fog/demo.rb line 14) had an error: RuntimeError: Error: command 'chef-client -l info' exited with code 1.

/opt/chefdk/embedded/lib/ruby/gems/2.1.0/gems/chef-provisioning-1.4.0/lib/chef/provisioning/transport/ssh.rb:271:in `error!'
/opt/chefdk/embedded/lib/ruby/gems/2.1.0/gems/chef-provisioning-1.4.0/lib/chef/provisioning/machine/basic_machine.rb:31:in `block in execute'
/opt/chefdk/embedded/lib/ruby/gems/2.1.0/gems/chef-12.4.3/lib/chef/mixin/why_run.rb:52:in `call'
/opt/chefdk/embedded/lib/ruby/gems/2.1.0/gems/chef-12.4.3/lib/chef/mixin/why_run.rb:52:in `add_action'
/opt/chefdk/embedded/lib/ruby/gems/2.1.0/gems/chef-12.4.3/lib/chef/provider.rb:175:in `converge_by'
/opt/chefdk/embedded/lib/ruby/gems/2.1.0/gems/chef-provisioning-1.4.0/lib/chef/provisioning/chef_provider_action_handler.rb:54:in `perform_action'
/opt/chefdk/embedded/lib/ruby/gems/2.1.0/gems/chef-provisioning-1.4.0/lib/chef/provisioning/add_prefix_action_handler.rb:31:in `perform_action'
/opt/chefdk/embedded/lib/ruby/gems/2.1.0/gems/chef-provisioning-1.4.0/lib/chef/provisioning/machine/basic_machine.rb:29:in `execute'
/opt/chefdk/embedded/lib/ruby/gems/2.1.0/gems/chef-provisioning-1.4.0/lib/chef/provisioning/convergence_strategy/install_sh.rb:55:in `block (2 levels) in converge'
/opt/chefdk/embedded/lib/ruby/gems/2.1.0/gems/chef-12.4.3/lib/chef/run_context.rb:273:in `open_stream'
/opt/chefdk/embedded/lib/ruby/gems/2.1.0/gems/chef-provisioning-1.4.0/lib/chef/provisioning/chef_provider_action_handler.rb:59:in `open_stream'
/opt/chefdk/embedded/lib/ruby/gems/2.1.0/gems/chef-provisioning-1.4.0/lib/chef/provisioning/convergence_strategy/install_sh.rb:52:in `block in converge'
/opt/chefdk/embedded/lib/ruby/gems/2.1.0/gems/chef-12.4.3/lib/chef/run_context.rb:273:in `open_stream'
/opt/chefdk/embedded/lib/ruby/gems/2.1.0/gems/chef-provisioning-1.4.0/lib/chef/provisioning/chef_provider_action_handler.rb:59:in `open_stream'
/opt/chefdk/embedded/lib/ruby/gems/2.1.0/gems/chef-provisioning-1.4.0/lib/chef/provisioning/convergence_strategy/install_sh.rb:51:in `converge'
/opt/chefdk/embedded/lib/ruby/gems/2.1.0/gems/chef-provisioning-1.4.0/lib/chef/provisioning/machine/basic_machine.rb:21:in `converge'
/opt/chefdk/embedded/lib/ruby/gems/2.1.0/gems/chef-provisioning-1.4.0/lib/chef/provider/machine_batch.rb:58:in `block (2 levels) in <class:MachineBatch>'
/opt/chefdk/embedded/lib/ruby/gems/2.1.0/gems/chef-provisioning-1.4.0/lib/chef/provider/machine_batch.rb:103:in `block (2 levels) in with_ready_machines'
/opt/chefdk/embedded/lib/ruby/gems/2.1.0/gems/chef-provisioning-1.4.0/lib/chef/provisioning/driver.rb:251:in `block in ready_machines'
/opt/chefdk/embedded/lib/ruby/gems/2.1.0/gems/chef-12.4.3/lib/chef/chef_fs/parallelizer/parallel_enumerable.rb:267:in `call'
/opt/chefdk/embedded/lib/ruby/gems/2.1.0/gems/chef-12.4.3/lib/chef/chef_fs/parallelizer/parallel_enumerable.rb:267:in `process_input'
/opt/chefdk/embedded/lib/ruby/gems/2.1.0/gems/chef-12.4.3/lib/chef/chef_fs/parallelizer/parallel_enumerable.rb:257:in `process_one'
/opt/chefdk/embedded/lib/ruby/gems/2.1.0/gems/chef-12.4.3/lib/chef/chef_fs/parallelizer.rb:93:in `call'
/opt/chefdk/embedded/lib/ruby/gems/2.1.0/gems/chef-12.4.3/lib/chef/chef_fs/parallelizer.rb:93:in `worker_loop'